d:\cwp\source\repos\20202717 안규태\2-7\x64\debug\vc143.pdb
d:\cwp\source\repos\20202717 안규태\2-7\x64\debug\vc143.idb
d:\cwp\source\repos\20202717 안규태\2-7\x64\debug\2-7.obj
d:\cwp\source\repos\20202717 안규태\2-7\x64\debug\2-7-2.obj
d:\cwp\source\repos\20202717 안규태\2-7\x64\debug\2-7-1.obj
d:\cwp\source\repos\20202717 안규태\x64\debug\2-7.exe
d:\cwp\source\repos\20202717 안규태\2-7\x64\debug\2-7.ilk
d:\cwp\source\repos\20202717 안규태\x64\debug\2-7.pdb
w:\cwp\2-7\x64\debug\2-7-1.obj
w:\cwp\2-7\x64\debug\2-7-2.obj
w:\cwp\2-7\x64\debug\2-7.obj
w:\cwp\2-7\x64\debug\2-7.ilk
w:\cwp\2-7\x64\debug\vc143.idb
w:\cwp\2-7\x64\debug\vc143.pdb
w:\cwp\x64\debug\2-7.pdb
w:\cwp\x64\debug\2-7.exe
w:\cwp\2-7\x64\debug\2-7.tlog\cl.command.1.tlog
w:\cwp\2-7\x64\debug\2-7.tlog\cl.items.tlog
w:\cwp\2-7\x64\debug\2-7.tlog\cl.read.1.tlog
w:\cwp\2-7\x64\debug\2-7.tlog\cl.write.1.tlog
w:\cwp\2-7\x64\debug\2-7.tlog\link.command.1.tlog
w:\cwp\2-7\x64\debug\2-7.tlog\link.read.1.tlog
w:\cwp\2-7\x64\debug\2-7.tlog\link.write.1.tlog
